fic_id,chapter_id,para_id,text
15021059,8,1,"Chapter 8 : Winter Rain 
"
15021059,8,2,"In the past two days , Izuku ($_izuku) has not seen much of Kacchan ($_kacchan) or Shoto ($_shoto) . Kirishima said that Kacchan ($_kacchan) is busy with planning the next battle . Shoto_,_on_the_other_hand ($_shoto) , has been kept mostly in the room within the servants quarters . After that night , Izuku ($_izuku) Izuku_couldn_t_face_Shoto_anyway ($_shoto) . He ($_uraraka) d be too embarrassed to look into Shoto ($_shoto) s eyes , which would hold hurt and betrayal . Izuku ($_izuku) s omega body had given in to Kacchan s alpha advances without much of a struggle . The biggest risk that night was Kacchan ($_kacchan) finding out that Izuku ($_izuku) and Shoto ($_shoto) have been together . Intimately. It s best if he ($_uraraka) stays away from Shoto ($_shoto) for the next few days because his ($_uraraka) first heat cycle of the year is on its way . Locking himself ($_uraraka) up in his ($_uraraka) room and waiting for the heat to pass will not be an option this year . 
"
15021059,8,3,"Early this morning , Uraraka ($_uraraka) brought his ($_uraraka) breakfast with a message from Kacchan saying that his ($_uraraka) husband has need of him ($_uraraka) today , so Izuku ($_izuku) is on the way to Kacchan s private office . He ($_uraraka) didn t expect people to be present in the main hall when he ($_uraraka) passed through . They all bowed to him ($_uraraka) respectfully , stating only his ($_uraraka) title Dom-Omega and nothing else . A few times when he ($_uraraka) glanced back , he ($_uraraka) saw some whispering . Izuku couldn t count on Kacchan ($_kacchan) s allies to back him ($_uraraka) up with changing the world . He ($_uraraka) only has a handful of friends and no one else . 
"
15021059,8,4,"Overwhelmed , Izuku ($_izuku) detoured to the kitchen , which led out to the garden . He ($_izuku) needed some fresh air . A male servant peeling potatoes wouldn t let Izuku ($_izuku) go outside without a cloak , which the_servant ($_izuku) offered to get for him ($_izuku) . Izuku ($_izuku) agreed , waiting patiently for the servant to come back with his ($_izuku) cloak . The_cook ($_izuku) is busy making pies , and the sweet smell of the winterberry filling made his ($_izuku) mouth water . He ($_izuku) d be having dessert tonight ! 
"
15021059,8,5,"Izuku ($_izuku) thanked the male for bringing him ($_izuku) the cloak and threw it over his ($_izuku) shoulders , clasping it together under his ($_izuku) chin . He ($_izuku) pulled the hood up and left the kitchen , walking through the servants path that opened up into the main garden . All the snow had washed away with the winter rain that came , and remained , since yesterday morning . The rain has slowed to a steady drizzle , turning from water to sleet and then back again . Currently , it s only rain . He ($_izuku) shouldn t be taking so long to get to Kacchan , but Izuku ($_izuku) couldn t stand to be in that castle any longer . Outside it s quiet with only the sound of raindrops on the stone path . A branch cracked above him ($_izuku) , and Izuku ($_izuku) looked up at the exact moment a cardinal took off , letting loose a tiny torrent of raindrops on his ($_izuku) face . Izuku ($_izuku) let out a little chuckle and continued his ($_izuku) stroll . 
"
15021059,8,6,"As Izuku ($_izuku) walked by the firewood shed , he ($_izuku) thought he ($_izuku) saw someone move out of the corner of his ($_izuku) eye . He ($_izuku) turned in the direction but saw no one . Izuku ($_izuku) heard talking and looked to the right to see two guards speaking to one another . Whatever he ($_izuku) saw must have been an animal , like a rabbit or a squirrel . Regardless , he ($_izuku) did not want to be near the guards , so he ($_izuku) hurried past the shed only to be gripped by the wrist and pulled behind it . Before he ($_izuku) could cry out , a shackled hand covered his ($_izuku) mouth , silencing him ($_izuku) . Izuku ($_izuku) s nose picked up the scent of spearmint . Shoto ($_shoto) ! 
"
15021059,8,7,"It s just me , Todoroki ($_todoroki) said softly , removing his ($_todoroki) hand from Izuku ($_izuku) s mouth . 
"
15021059,8,8,"Izuku ($_izuku) turned to face him ($_todoroki) . What are you ($_don) doing here ? 
"
15021059,8,9,"Gathering wood , Todoroki ($_todoroki) answered . The guards aren t paying much attention . 
"
15021059,8,10,"Izuku ($_izuku) turned his ($_izuku) face away so Shoto couldn t see his ($_izuku) embarrassment . You ($_don) shouldn t be around me , 
"
15021059,8,11,"I wanted to speak to you ($_don) , Todoroki ($_todoroki) said . You ($_don) haven t been answering any of my messages . 
"
15021059,8,12,"Messages ? What messages ? Izuku ($_izuku) asked , turning back to Shoto . 
"
15021059,8,13,"The ones I ve been sending with Tokoyami ($_tokoyami) . Has he ($_izuku) not delivered them to you ($_don) ? 
"
15021059,8,14,"Izuku ($_izuku) shook his ($_izuku) head . No , I haven t heard a thing . I sent Tokoyami ($_tokoyami) with a message to you ($_don) asking if you ($_don) were well after that_night ($_that) , He ($_izuku) had to look away again . 
"
15021059,8,15,"Yes , I received the message , and I wanted him ($_izuku) to tell you ($_don) that I know it wasn t your ($_don) fault , and I don t blame you ($_don) for anything that happened . 
"
15021059,8,16,"Izuku ($_izuku) shook his ($_izuku) head . I really have to go . Kacchan ($_kacchan) s expecting me , He ($_kacchan) said . I ve kept him ($_kacchan) waiting too long . already. 
"
15021059,8,17,"No , don t go yet , Todoroki ($_todoroki) trapped Izuku_in_an ($_in) embrace using the chain that linked his ($_in) shackles together . He ($_in) pulled Izuku ($_izuku) close , resting their ($_izuku) foreheads together . I don t see you ($_don) as Bakugo ($_bakugo) s omega ($_omega) ; I see you ($_don) as my_omega ($_omega) . 
"
15021059,8,18,"Shoto ($_shoto) don t , Izuku ($_izuku) wanted to pull away , but he ($_izuku) 's transfixed with Shoto ($_shoto) s alpha scent . 
"
15021059,8,19,"I ll take you ($_don) away from here , Todoroki ($_todoroki) said . I ll take you ($_don) to the west and make you ($_don) the Dom-Omega of my land , he ($_izuku) stared deeply into Izuku ($_izuku) s worried green eyes , wanting only to comfort the_omega ($_omega) and assure him ($_izuku) that all will be well . We can change the world , Izuku ($_izuku) . Together. We ll rule side-by-side , as equals . There is no reason why you ($_don) must waste away under the iron fist of that_barbarian_warlord ($_izuku) . 
"
15021059,8,20,"Izuku ($_izuku) wrapped his ($_izuku) arms around Shoto ($_shoto) s neck . That_barbaric_warlord ($_izuku) is my husband , 
"
15021059,8,21,"I ll be your ($_don) husband , 
"
15021059,8,22,"Shoto ($_shoto) , please , stop talking like this , Izuku ($_izuku) pulled away to face him ($_shoto) . I have to go . If Kacchan ($_kacchan) knows what you ($_don) are doing right now , he ($_kacchan) ll kill you ($_don) ! 
"
15021059,8,23,"Todoroki ($_todoroki) kissed Izuku ($_izuku) s forehead . He ($_kacchan) can t kill me . I m his ($_kacchan) bargaining chip in this territory battle . 
"
15021059,8,24,"But he ($_kacchan) can hurt you ($_don) , 
"
15021059,8,25,"Yes , he ($_kacchan) can . But it will all be worth it to be with you ($_don) , 
"
15021059,8,26,"Izuku ($_izuku) clenched his ($_izuku) eyes shut and forced himself ($_izuku) away from Shoto ($_shoto) , ducking out from under the chain . I can t see you ($_don) like this , Shoto ($_shoto) ! Please , don t seek me out again , 
"
15021059,8,27,"He ($_kacchan) doesn t care for you ($_don) , Todoroki ($_todoroki) reminded him ($_kacchan) . He ($_kacchan) only pretended to make love to you ($_don) that_night ($_that) as a warning to me ! That was meant to hurt me , to keep me from coming near you ($_don) - he ($_kacchan) was putting his ($_kacchan) mark on you ($_don) . Don ($_don) t you ($_don) see , Izuku ($_izuku) ? Bakugo ($_bakugo) only wants something when he ($_bakugo) realizes that someone else wants it ($_bakugo) ! He ($_bakugo) doesn t see you ($_don) as his ($_bakugo) husband or his ($_bakugo) mate . He ($_bakugo) never has and never will ! He ($_bakugo) knows that I desire you ($_don) ; this ($_bakugo) is the only reason for what happened that_night ($_that) . 
"
15021059,8,28,"I know all that ! Izuku ($_izuku) said to him ($_bakugo) in a harsh whisper . I know it more than anyone ! 
"
15021059,8,29,"Then say you ($_don) ll leave with me , Todoroki ($_todoroki) kept Izuku ($_izuku) from leaving again by grabbing the omega s wrist . When the time comes , say you ($_don) ll leave with me ! Say it ! 
"
15021059,8,30,"Izuku didn t know how to answer Shoto ($_shoto) . Shoto ($_shoto) s ideas seemed too far-fetched , but they were nonetheless romantic . Shoto ($_shoto) is offering him ($_shoto) the world , but that world can not come to be with just the two of them . 
"
15021059,8,31,"Kacchan ($_kacchan) will come after me , Izuku ($_izuku) said . He ($_kacchan) ll come after you ($_don) . 
"
15021059,8,32,"Then I ll fight him ($_kacchan) . 
"
15021059,8,33,"No ! I don t want that ! Shoto-???
"
15021059,8,34,"I m not giving up on you ($_don) ! 
"
15021059,8,35,"Hey! What s going on over there ! One of the guards shouted . 
"
15021059,8,36,"Todoroki ($_todoroki) quickly pulled Izuku ($_izuku) into a kiss . I ll leave first , He ($_kacchan) whispered against Izuku ($_izuku) s cold , panting lips . Todoroki ($_todoroki) wanted to do more with Izuku than kiss him ($_kacchan) ; the omega s sweet scent is clouding his ($_kacchan) senses . I ll find you ($_don) later , Regretfully , he ($_kacchan) left Izuku ($_izuku) s side to walk around to the front of the shed to face the guards . I m here . I just had to relieve myself . 
"
15021059,8,37,"Izuku ($_izuku) remained behind the shed until he ($_izuku) heard the group walking away , waiting for the sounds of Shoto ($_shoto) s chains to fade . Izuku ($_izuku) touched his ($_izuku) lips with his ($_izuku) cold hand , still feeling Shoto ($_shoto) s kiss . Why does Shoto ($_shoto) have to be so perfect ? Izuku ($_izuku) wondered to himself ($_izuku) . Shoto ($_shoto) wants to run away with him ($_izuku) , to marry him ($_izuku) , and to help change the world . Running away with Shoto ($_shoto) would be suicide . Katsuki_Bakugo ($_bakugo) has accomplished more in his ($_bakugo) young life than past kings and heroes . The world fears his ($_bakugo) husband . People flock to Kacchan s side not out of loyalty but out of fear . The_North ($_the) has the largest army in the four territories , and if Izuku ($_izuku) left with Shoto ($_shoto) , there would be war . The_West ($_the) does not have the numbers or the allies to withstand a full-on attack from the_North ($_the) . Katsuki_Bakugo ($_bakugo) will attack , siege the_West ($_the) , and kill Shoto ($_shoto) . Izuku ($_izuku) would be the next to die , but not before Kacchan ($_kacchan) punishes him ($_izuku) in some way for betraying him ($_izuku) . 
"
15021059,8,38,"A chill went through his ($_izuku) body . The rain suddenly became too cold to withstand , and he ($_izuku) has kept Kacchan ($_kacchan) waiting for far too long . Izuku ($_izuku) shook his ($_izuku) head of all thoughts of Shoto ($_shoto) and hurried his ($_izuku) way back into the castle . 
"
15021059,8,39,"~*~
"
15021059,8,40,"Ah , dammit ! You have to be cheating ! Kirishima ($_kirishima) said and slammed his ($_kirishima) fists on the card table , scattering the gold and silver coins all over the surface . 
"
15021059,8,41,"Bakugo ($_bakugo) smirked in triumph , flipping one of the victory coins in the air to catch it in his ($_bakugo) hand . I don t have to cheat to win , you idiot ! You just suck at cards , 
"
15021059,8,42,"I want to go again ! Kirishima ($_kirishima) demanded . One more time ! 
"
15021059,8,43,"You said that five rounds ago , Bakugo ($_bakugo) tossed an ace of spades at him ($_bakugo) . Stop embarrassing yourself and leave with what little pocket money you have left . 
"
15021059,8,44,"Kirishima ($_kirishima) growled through a playful , challenging smile . I ($_kirishima) ll win back all my ($_kirishima) money next time ! Just you wait ! 
"
15021059,8,45,"Uh-huh , Bakugo ($_bakugo) waved him ($_bakugo) off . Go find something to do . I m waiting for stupid Deku to come . He ($_bakugo) s late , too . I ($_kirishima) called for him ($_bakugo) during breakfast . 
"
15021059,8,46,"What do you have planned for him ($_bakugo) anyway ? Kirishima ($_kirishima) asked , getting up out of the chair . 
"
15021059,8,47,"I have paperwork for him ($_bakugo) to do . I realize that , since I m occupied with the war , I ve neglected a bunch of other territory shit . Business that I could care less about , but it needs to be done . I need you and Iida with me , so someone has to take charge of this junk . I figured I d give them to Deku to handle . 
"
15021059,8,48,"Kirishima ($_kirishima) raised a red brow . Oh? You re giving him ($_bakugo) a lot of power there , My_Lord_Bakugo ($_bakugo) . 
"
15021059,8,49,"I wouldn t call that power , He said . There s nothing important about who says this_land ($_kirishima) is their land or this chicken is their chicken . As if I have time for horseshit like that . It ($_kirishima) will keep Deku ($_deku) busy , and I can stop hearing him ($_deku) whine about , I should be able to do more like you , he ($_deku) said the last line in his ($_deku) best Deku-mocking voice . 
"
15021059,8,50,"The Dom-Omega doesn t talk about that , 
"
15021059,8,51,"He ($_deku) thinks it , Bakugo ($_bakugo) pointed a card at Kirishima ($_kirishima) to emphasize his ($_deku) point . I ve known him ($_deku) for a long time . He ($_deku) knows how to keep quiet and act like he ($_deku) isn t aware , but believe me , Deku ($_deku) is very focused on his ($_deku) thoughts and is always thinking . I see the wheels turning in his ($_deku) head like a fine carriage . 
"
15021059,8,52,"Kirishima ($_kirishima) let out a laugh . You seem to be threatened by his ($_deku) intelligence ! 
"
15021059,8,53,"Bakugo ($_bakugo) rolled his ($_bakugo) eyes . Hardly. I m smarter than him ($_bakugo) , but Deku ($_deku) is no dummy when it comes to academics . He ($_bakugo) s an idiot in every other form , though . 
"
15021059,8,54,"You re so hard on him ($_bakugo) , Kirishima ($_kirishima) said . He ($_bakugo) s going to bear your heir , you know . It s not good for a kid to see their parents hating on one another . 
"
15021059,8,55,"Bakugo ($_bakugo) scooped up his ($_bakugo) winnings to place the coins into his ($_bakugo) pouch . All_Deku ($_all) needs to do is give me an alpha son . So long as it ($_all) is an alpha , it ($_all) doesn t matter how we act . An alpha is an alpha . Anything he ($_bakugo) bears that isn t an alpha he ($_bakugo) can do with whatever he ($_bakugo) likes . I m not going to waste my time on some beta or gamma , He ($_bakugo) glanced at Kirishima ($_kirishima) . No offense . 
"
15021059,8,56,"None taken . Asshole . 
"
15021059,8,57,"Bakugo ($_bakugo) smirked again . The world needs more alphas like me ! If I could multiply myself , I would ! I could take over this world much quicker ! 
"
15021059,8,58,"That would be a nightmare come to life , Kirishima ($_kirishima) said with a laugh . Seriously though , Bakugo_,_His_voice ($_voice) lost its ($_voice) humor . You shouldn t force your alpha child to be just like you in every way . Look at Todoroki ($_todoroki) . 
"
15021059,8,59,"Bakugo ($_bakugo) hated to admit that Kirishima ($_kirishima) has a point , but Todoroki ($_todoroki) is only one person - one example . He ($_bakugo) knows that Todoroki ($_todoroki) hates his ($_bakugo) father Enji , but the Lord of the West treasures his ($_bakugo) prodigy son . Bakugo ($_bakugo) does not fear Todoroki ($_todoroki) taking over in his ($_bakugo) father s place . His ($_bakugo) enemy will be easy to subdue . There is no challenge in Shoto Todoroki . However , no one would be surprised if Shoto ($_shoto) turned on his ($_shoto) father for everything that Lord Enji has done to the Todoroki ($_todoroki) family . Before capturing Shoto ($_shoto) , Bakugo ($_bakugo) gambled on whether or not to set the enemy free . He ($_bakugo) didn t_view_Shoto_as_a_real_threat ($_shoto) , though letting the alpha return to his ($_bakugo) home wasn t an option either . He ($_bakugo) didn t have the patience to wait for Shoto ($_shoto) to overthrow Enji . Bakugo ($_bakugo) wants to do it ($_shoto) himself ($_bakugo) . The thought of that day thrilled him ($_bakugo) . 
"
15021059,8,60,"I ll do things differently , Bakugo ($_bakugo) said . Shoto ($_shoto) s mistake was allowing himself ($_shoto) to be a mama s boy . I won t let Deku ($_deku) soften my alpha child like that . 
"
15021059,8,61,"Kirishima ($_kirishima) tsked at him ($_bakugo) . You know the rumors about Shoto ($_shoto) s mother , of what she ($_shoto) did or didn t do , 
"
15021059,8,62,"Yes. Everyone knows she ($_shoto) burned his face with boiling water , Bakugo ($_bakugo) scoffed . Big deal . She ($_shoto) should have dumped a whole caldron on him . 
"
15021059,8,63,"You re such an ass ; you know that ? Sometimes I wonder why I even stay by your side . 
"
15021059,8,64,"Because you fucking respect me , because you re a loyal gamma , and you re the only one I trust to watch my back on the battlefield . You love the praise from me , don t lie , Bakugo ($_bakugo) smirked . 
"
15021059,8,65,"Again , you re an ass ! 
"
15021059,8,66,"Bakugo ($_bakugo) started to clean up the cards . So , I ll see you at the meeting ? 
"
15021059,8,67,"Yeah. I ll start rounding everyone up . See ya there , you spikey haired bastard . 
"
15021059,8,68,"The pot calling the kettle black . 
"
15021059,8,69,"Right after Kirishima ($_kirishima) left , Deku ($_deku) came in , looking flushed and out of sorts . Bakugo ($_bakugo) narrowed his ($_bakugo) eyes at the omega , following the green form as Deku ($_deku) approached him ($_bakugo) . 
"
15021059,8,70,"You wanted to see me , Kacchan ($_kacchan) ? 
"
15021059,8,71,"Yeah. I have some work for you to do . Why are you flushed ? Your cheeks look like strawberries . It pisses me off . 
"
15021059,8,72,"Deku ($_deku) smiled tiredly at him ($_bakugo) and said , We used to eat wild strawberries together . Remember? 
"
15021059,8,73,"Bakugo ($_bakugo) did remember , and he ($_bakugo) remembered being dared by another boy the same day to eat a caterpillar , which he ($_bakugo) did . He ($_bakugo) remembered Deku throwing up those strawberries from the sight of him ($_bakugo) eating the bug . 
"
15021059,8,74,"And why are you wet ? Last time I checked , no one needs to walk outside to get to my office , 
"
15021059,8,75,"I needed some air , Deku ($_deku) said . There were so many people in the main hall I wasn t expecting them . 
"
15021059,8,76,"Don t worry about them . They re here for my war meeting . The noble alphas like to bring along their mates and children of marrying age to mingle . 
"
15021059,8,77,"They all like to whisper behind my back , Deku ($_deku) said . But I hear them . 
"
15021059,8,78,"Just ignore them . Now , I m only going to explain this once , so pay attention ! Bakugo ($_bakugo) explained to Deku ($_deku) what he ($_bakugo) is to do with the documents ; read through them , make a judgment , and then sign it . Make sure to sign them all Dom-Omega of Mount Fervor . 
"
15021059,8,79,"So many , Deku ($_deku) said , looking at the backpack of rolled up documents Bakugo ($_bakugo) held out to him ($_bakugo) . 
"
15021059,8,80,"Like you have anything better to do ? Get them done . I have more important things to worry about with the war . And hey , when is your heat ? Can t you tell when it s nearing ? I need to make sure I m here for you when it hits . He enjoyed the bright blush on Deku ($_deku) s already reddened cheeks . 
"
15021059,8,81,"S-Soon . Next full moon which should be three days , I think ? 
"
15021059,8,82,"Bakugo ($_bakugo) checked the lunar calendar . Yeah , three days . You ll finally come in handy for something . Get all these documents done and I ll let you buy yourself something in the castle village . 
"
15021059,8,83,"Alright , Kacchan ($_kacchan) . I ll have them done as soon as I can . 
"
15021059,8,84,"Take them back to your room and do them there . I have a war meeting to get to . Try not to wander outside this time . 
"
15021059,8,85,"~*~
"
15021059,8,86,"Izuku ($_izuku) muttered to himself ($_izuku) as he ($_izuku) carried the backpack of documents to his ($_izuku) chambers . He ($_izuku) usually would have Tokoyami ($_tokoyami) to help him ($_izuku) , but he ($_izuku) had given the gamma the_day ($_the) off . Which reminded him ($_izuku) ; Shoto ($_shoto) said that Tokoyami ($_tokoyami) hadn t delivered any of his ($_izuku) messages . Izuku ($_izuku) was curious to know what messages they were , so he ($_izuku) made a detour for Tokoyami ($_tokoyami) s room . It is only a few doors down from his ($_izuku) . Izuku ($_izuku) had a rough idea as to why Tokoyami ($_tokoyami) kept the messages from Shoto ($_shoto) a secret . Tokoyami ($_tokoyami) saw the danger in Shoto ($_shoto) s feelings for him ($_tokoyami) as well . Still , the gamma should have delivered the messages as asked . 
"
15021059,8,87,"He ($_tokoyami) stopped outside Tokoyami ($_tokoyami) s door and knocked . Tokoyami ($_tokoyami) ? Are you in there ? It s me . Izuku ($_izuku) heard rumbling from behind the door , something falling , and a few thumps . The door opened , and Tokoyami ($_tokoyami) appeared , straightening his ($_tokoyami) helmet . Izuku ($_izuku) just looked at the gamma , realizing that the other got dressed in a hurry . Tokoyami ($_tokoyami) never allowed himself ($_tokoyami) to be ill-prepared or caught off-guard . 
"
15021059,8,88,"D-Dom-Omega ! What is it ? Is something wrong ? 
"
15021059,8,89,"No , nothing s wrong . I was just coming to ask you about something , Izuku ($_izuku) glanced past_Tokoyami ($_tokoyami) towards the bed where he ($_izuku) saw a large hand creeping out from underneath it ($_tokoyami) to grab some clothes . But it ($_tokoyami) can wait . 
"
15021059,8,90,"Please , it ($_tokoyami) s fine , Tokoyami ($_tokoyami) stepped out of his ($_tokoyami) room and closed the door to lean against it . What s in that sack ? Looks like documents . 
"
15021059,8,91,"Oh , yeah , Izuku ($_izuku) explained to him ($_tokoyami) what Kacchan ($_kacchan) is having him ($_tokoyami) do . I just have one question , He ($_tokoyami) looked around to make sure no one was listening . Why didn t you deliver the messages from Shoto ($_shoto) ? 
"
15021059,8,92,"Tokoyami ($_tokoyami) was silent for a moment then answered him ($_tokoyami) . It s not safe for you to be in contact with him ($_tokoyami) , He ($_tokoyami) whispered back . 
"
15021059,8,93,"I know . But still , you should have brought me his ($_tokoyami) messages . Please , next time he ($_tokoyami) asks you , don t keep them to yourself . I want to know . 
"
15021059,8,94,"As you wish , Tokoyami ($_tokoyami) assured him ($_tokoyami) . Will that be all ? 
"
15021059,8,95,"Izuku ($_izuku) nodded . Yes. I m sorry for bothering you . I did give you the_day ($_the) off , after all . He ($_tokoyami) smiled . Enjoy it . 
"
15021059,8,96,"Thank you . Um???about before. I was napping . You startled me . That s what you heard in there . I knocked something off the end table . 
"
15021059,8,97,"Izuku ($_izuku) s smile widened at Tokoyami ($_tokoyami) s attempt to be serious after being caught . To mention the fact that someone is hiding under Tokoyami ($_tokoyami) s bed would only embarrass the gamma further . It s so rare to see his friend out of sorts and flustered . And yet , he couldn t help himself . He had to say something . 
"
15021059,8,98,"I think you should talk to the laundry servants . They must have given you the wrong size undershirt . Izuku ($_izuku) said , referring to the overly large shirt that barely fit Tokoyami ($_tokoyami) s slender yet toned form . He ($_izuku) chuckled to himself ($_izuku) as he ($_izuku) walked away . At least someone is having fun today . 
"
15021059,8,99,"Izuku ($_izuku) was grateful for the documents to keep his ($_izuku) mind from wandering and he ($_izuku) finished signing the last one with a sigh of relief . He ($_izuku) placed the quill back on the desk and stretched his ($_izuku) back in the chair , bending left to right a few times for good measure . Turning to the window , the sound of rain pattered at the glass . It s too cloudy to make out precisely what time of day it is , but Izuku ($_izuku) assumed it had to be early evening . His ($_izuku) stomach rumbled reminding him ($_izuku) that he ($_izuku) should eat something . Uraraka had brought up a tray of winterberries and fresh milk for him ($_izuku) as a snack , but he ($_izuku) had neglected it , being so focused on work rather than the needs of his ($_izuku) stomach . Now he ($_izuku) eagerly ate the berries , thinking about how good they will be baked in a pie . He ($_izuku) can still smell the baked good from this morning . 
"
15021059,8,100,"Dinner and a hot bath were brought to his ($_izuku) room and , feeling a little bit better after having done some useful work , Izuku ($_izuku) went right for the slice of winterberry pie . It didn t help that he ($_izuku) was very close to his ($_izuku) heat and his ($_izuku) body functioning tends to change . He ($_izuku) wished he ($_izuku) had ordered the whole pie instead . 
"
15021059,8,101,"With a belly full of venison stew , bread , and winterberry pie , Izuku ($_izuku) went to the water closet where the fragrant bath is waiting for him ($_izuku) . After catching a slight chill from the winter rain , he ($_izuku) wanted a hot bath to keep away any chance of getting sick . He ($_izuku) sighed with content as his ($_izuku) naked body sank into the water , inhaling the aroma of rosemary . The strong scent eased the tension in his ($_izuku) head and behind his ($_izuku) eyes as he ($_izuku) relaxed against the back of the tub . The rain still pattered on the glass of the tiny window , but the sound only added to the calming atmosphere , which is what he ($_izuku) desperately needed . 
"
15021059,8,102,"Taking the washcloth provided , he ($_izuku) soaked it in the water to lay it on his ($_izuku) face . The instant warmth sent a delightful shiver through his ($_izuku) body , and he ($_izuku) let out another sigh of content . But as he ($_izuku) let himself ($_izuku) relax , his ($_izuku) ears picked up the sound of a door opening . Izuku ($_izuku) knew he ($_izuku) closed and locked the door to the water closet . The window can not be open and is too small for anyone to sneak inside if they broke through . It must be his ($_izuku) imagination . Then he ($_izuku) heard the gentle whisper of slow-moving chains along the floor . He ($_izuku) sat up quickly , splashing some of the water and pulled the washcloth from his ($_izuku) face . Izuku ($_izuku) looked around until he ($_izuku) caught sight of Todoroki ($_todoroki) in the water closet with him ($_izuku) . 
"
15021059,8,103,"S-Shoto ? 
"
15021059,8,104,"Todoroki ($_todoroki) put a finger to his ($_izuku) lips . 
"
15021059,8,105,"Shoto , what are you ($_don) doing here ? Izuku ($_izuku) whispered . How did you ($_don) even get in here ? I ($_don) locked the door ! 
"
15021059,8,106,"There s a secret stair , Todoroki ($_todoroki) answered , pushing aside a tapestry to show a small , narrow door . It starts in the servant quarters . 
"
15021059,8,107,"Izuku ($_izuku) just stared at him ($_izuku) , wringing the washcloth nervously in his ($_izuku) hands . Does anyone know you ($_don) re here ? 
"
15021059,8,108,"No . I ($_don) do have free range of the castle . Most of the guards are sporting tonight , so they re rather drunk and not paying attention . It s a perfect time for me ($_don) to slip away , unnoticed , to come and see you ($_don) . 
"
15021059,8,109,"Izuku ($_izuku) s eyes met Shoto ($_shoto) s. You ($_don) shouldn t be here , He ($_izuku) said . P-Please leave , 
"
15021059,8,110,"Todoroki ($_todoroki) approached the tub . Do you ($_don) want me ($_don) to ? 
"
15021059,8,111,"I ($_don) Izuku couldn t look away from Shoto s stoic , yet gentle face as the alpha stood beside the tub . Shoto ($_shoto) had to be using his ($_shoto) alpha powers for Izuku ($_izuku) could not find the words to send the other away . Izuku ($_izuku) swallowed the lump in his ($_izuku) throat . 
"
15021059,8,112,"I ($_don) can t stay long , Todoroki ($_todoroki) said , kneeling beside the tub and reaching out his ($_izuku) hand to stroke Izuku s hair . The omega leaned into his ($_izuku) touch , almost purring . Todoroki ($_todoroki) loved how the wild green curls felt between his ($_izuku) fingers . He ($_izuku) didn t know if Izuku ($_izuku) s freckled cheeks are flushed from the hot water or from his ($_izuku) touch . But I ($_don) had to see you ($_don) again . 
"
15021059,8,113,"It s dangerous for you ($_don) to be here , Izuku ($_izuku) said . What if Kacchan ($_kacchan) comes in ? 
"
15021059,8,114,"You ($_don) said you ($_don) locked the door , right ? Then we don t have to worry . Besides , he ($_izuku) s still in a war meeting , and right now they re probably all drunk . He ($_izuku) caught Izuku ($_izuku) s chin to keep the omega from trying to turn away . Don ($_don) t shy away from me ($_don) , please . 
"
15021059,8,115,"Izuku ($_izuku) lifted his ($_izuku) eyes to look at Shoto ($_shoto) . It s not that I ($_don) just it s not safe for you ($_don) . 
"
15021059,8,116,"Todoroki ($_todoroki) guided Izuku ($_izuku) s face closer to his ($_izuku) . You ($_don) ve never once said that you ($_don) are concerned for your ($_don) own safety , he ($_izuku) pointed out . I ($_don) wouldn t come to you ($_don) if I ($_don) thought the timing was bad . Don ($_don) t you ($_don) believe me ($_don) ? 
"
15021059,8,117,"Izuku ($_izuku) gave a little nod , as well as he ($_izuku) could with Shoto ($_shoto) holding his ($_izuku) chin . 
"
15021059,8,118,"May I kiss you ($_don) , Izuku Midoriya ? 
"
15021059,8,119,"Izuku didn t have to say anything . He ($_izuku) closed his ($_izuku) eyes and leaned into Shoto , their lips meeting in a chaste kiss . The kiss didn t stay that way for long . Izuku ($_izuku) opened his ($_izuku) mouth when he ($_izuku) felt Shoto ($_shoto) s tongue seeking entrance . He ($_izuku) moaned as Shoto ($_shoto) s tongue danced with his ($_izuku) , letting the smell and taste of spearmint override his ($_izuku) senses . Shoto ($_shoto) deepened the kiss , almost reaching the back of Izuku ($_izuku) s mouth . The sensation made his ($_izuku) nipples tighten and harden despite the still hot water around him ($_izuku) . Shoto ($_shoto) must have sensed his ($_izuku) arousal for the alpha s free hand found his ($_izuku) chest , running rough palms over his ($_izuku) already sensitive nipples , stimulating them further , which then gathered at his ($_izuku) groin . He ($_izuku) had to pull away from Shoto ($_shoto) . He ($_izuku) had to stop this before things went too far again . 
"
15021059,8,120,"You have to go , Izuku ($_izuku) said when he ($_izuku) broke away from the kiss . We can t keep doing this , Shoto ($_shoto) . 
"
15021059,8,121,"Yes , we can , Shoto ($_shoto) brought Izuku ($_izuku) back into a kiss , slipping his ($_izuku) free hand beneath the water to find the omega s erection . He ($_izuku) felt Izuku ($_izuku) twitch in his ($_izuku) hand . We can until I can take you away from here and make you mine , 
"
15021059,8,122,"Izuku ($_izuku) felt tears sting the corners of his ($_izuku) eyes . Please , don t say things like that , he ($_izuku) let out a little moan , wrapping his ($_izuku) arms around Shoto ($_shoto) s shoulders while the alpha stroked him ($_izuku) . 
"
15021059,8,123,"But it s true , Todoroki ($_todoroki) nipped at Izuku s earlobe . I m going to make you mine , Izuku Midoriya . 
"
15021059,8,124,"Izuku ($_izuku) whimpered into Shoto_s_neck_as_the_stroking_go_faster ($_shoto) . The sloshing of the water echoed in his ears , making him flush hotly . A tear trickled down his cheek as he repeated Shoto ($_shoto) s endearing words over and over again with each stroke of his cock . But his eyes shot open when Shoto ($_shoto) s fingers found the omega slit , still just a slightly ruffled line . The palm of Shoto ($_shoto) s middle finger traced and stroked the line . Izuku ($_izuku) quickly grabbed Shoto ($_shoto) s wrist under the water , ceasing his ($_izuku) stroking . 
"
15021059,8,125,"Don ($_don) t ! 
"
15021059,8,126,"You re near your heat , Todoroki ($_todoroki) said . 
"
15021059,8,127,"Yes , but , He ($_izuku) tried to force Shoto ($_shoto) s hand away from his ($_izuku) crotch , but it wouldn t budge . Shoto ($_shoto) you need to stop ! Izuku ($_izuku) whined to the alpha . It s not for you ! For a moment , Izuku ($_izuku) became scared at the fierce , possessive look in Shoto ($_shoto) s mismatched eyes . Shoto ($_shoto) you know I can t . We can t. 
"
15021059,8,128,"He ($_izuku) doesn t deserve it , Todoroki ($_todoroki) growled out , fighting against Izuku ($_izuku) s hold to keep stroking at the slit . He ($_izuku) doesn t own it , Izuku ($_izuku) . You do ! He ($_izuku) brought Izuku ($_izuku) s lips into a kiss . You decide who should have your virginity ! 
"
15021059,8,129,"Izuku ($_izuku) started to cry . Stop talking like that ! Please! Izuku ($_izuku) couldn t say anymore as Shoto ($_shoto) kissed him ($_izuku) again . 
"
15021059,8,130,"HEY ! DEKU ($_deku) ! Bakugo ($_bakugo) s voice came from the other side of the door , his ($_bakugo) fist pounding against it . YOU IN THERE ? 
"
15021059,8,131,"Izuku and Shoto ($_shoto) broke away . Get out of here! Izuku ($_izuku) whispered to Shoto , who hurried back to the hidden door as fast as the ankle shackles would let him ($_izuku) . 
"
15021059,8,132,"Yes! I m in the bath ! Izuku ($_izuku) called to him ($_izuku) . I ll be out in a minute ! He ($_izuku) looked back to the door to make sure Shoto ($_shoto) was out of sight . 
"
15021059,8,133,"Why the hell is the door locked ? Bakugo ($_bakugo) asked . 
"
15021059,8,134,"I wanted some privacy ! And some quiet time ! He ($_izuku) called back . 
"
15021059,8,135,"Well, hurry up! My shoulders are sore , and I want a backrub . Bakugo ($_bakugo) said with a hiccup . 
"
15021059,8,136,"Izuku ($_izuku) ran a hand through his ($_izuku) hair . Kacchan ($_kacchan) is drunk , or at least tipsy . I ll be done shortly . He ($_izuku) got out of the tub , dried off , and put a robe on . When he ($_izuku) exited the water closet , he ($_izuku) saw that Kacchan ($_kacchan) is standing in front of the fireplace , naked . Izuku ($_izuku) let his ($_izuku) eyes travel along each contour of the alpha s muscular body . Kacchan ($_kacchan) looked like a fiery god of war . Izuku ($_izuku) licked his ($_izuku) lips . 
"
15021059,8,137,"Finally , you re out , Bakugo ($_bakugo) said . 
"
15021059,8,138,"I wasn t expecting you , Izuku ($_izuku) answered . You said your shoulders are sore ? 
"
15021059,8,139,"I d rather be by the fire , 
"
15021059,8,140,"Izuku ($_izuku) walked over to join him ($_izuku) . How did the meeting go ? 
"
15021059,8,141,"As it always does , Bakugo ($_bakugo) answered , finishing off what wine was left in his ($_bakugo) cup . He ($_bakugo) tossed the empty cup to the floor , and it clattered on the stone . 
"
15021059,8,142,"Izuku ($_izuku) watched the cup spin in a circle until it stopped . I finished all the documents , so that s taken care of . He ($_bakugo) turned back to Kacchan ($_kacchan) whose gaze focused on the fire . Kacchan ($_kacchan) ? Are you still sore ? He ($_bakugo) did n't know what else to say . 
"
15021059,8,143,"Bakugo ($_bakugo) smirked , letting out a deep little laugh . Do you know why I m sore ? 
"
15021059,8,144,"Izuku ($_izuku) swallowed . N-No ? 
"
15021059,8,145,"I broke the jaw of one of my allies , Bakugo answered . Want to know why? He ($_bakugo) turned to glare at Deku ($_deku) . Because he ($_bakugo) said that he ($_bakugo) will gladly take you off my hands if I ever get bored of you . 
"
15021059,8,146,"Izuku ($_izuku) s eyes widened , and he ($_izuku) took a step back from Kacchan ($_kacchan) s suddenly looming form cast in a fiery shadow . 
"
15021059,8,147,"That pissed me off , so the meeting had to end early . So , I decided to come here to tell you about what happened . 
"
15021059,8,148,"Please , don t hurt me , Izuku ($_izuku) whimpered . I didn t do anything , I swear ! I was in my room the whole time today ! 
"
15021059,8,149,"Bakugo ($_bakugo) sneered . I know that , you idiot ! I_m ($_i) fucking pissed at the fact that other males are looking at you ! Dammit Deku , you re mine ! And if I have to mount you in front of everyone to prove it , then I will ! 
"
15021059,8,150,"Izuku ($_izuku) felt the color drain from his ($_izuku) face because he ($_izuku) knew that Kacchan ($_kacchan) would do as he ($_izuku) promised . 
"
15021059,8,151,"But you hate me , 
"
15021059,8,152,"Damn right I do ! 
"
15021059,8,153,"Izuku ($_izuku) clenched his ($_izuku) fists . You you can t say I m yours then say you hate me ! I m not an object ! I_M ($_i) NOT YOURS TO TAKE ! Izuku ($_izuku) immediately regretted what he ($_izuku) said . 
"
15021059,8,154,"Are you getting fresh with me ? Bakugo ($_bakugo) threatened . You want to repeat those words ? 
"
15021059,8,155,"Before Izuku ($_izuku) could answer him ($_izuku) , Bakugo ($_bakugo) s hand shot out and gripped the omega s throat . He ($_izuku) effortlessly pulled Deku ($_deku) s body towards his ($_izuku) , watching the smaller male squirm while trying to escape . That s right , you re not mine to take , he ($_izuku) whispered in Deku ($_deku) s ear . But you want nothing more than to have me ravish you with both love and lust , He ($_izuku) licked Deku ($_deku) s earlobe . Aren t I right ? 
"
15021059,8,156,"Izuku ($_izuku) felt his ($_izuku) cock and nipples harden once again with Kacchan ($_kacchan) s rough treatment and husky words . He ($_izuku) managed to moan when he ($_izuku) felt the alpha s erection pressing against his ($_izuku) stomach while another hand tugged at his ($_izuku) robe . Kacchan ($_kacchan) isn t wrong . Izuku ($_izuku) does want the alpha s love as much as his ($_izuku) body craves the alpha s touch . The scent of smoked cherrywood engulfed his ($_izuku) senses , and he ($_izuku) relaxed in Kacchan ($_kacchan) s hold . 
"
15021059,8,157,"Kacchan can t you love me in private ? Izuku ($_izuku) asked . No one has to know or see . 
"
15021059,8,158,"Bakugo ($_bakugo) released Deku ($_deku) s neck . If I didn t need your family , I would never have agreed to marry you , He ($_bakugo) said . I wouldn t have taken any omega bride , male or female if circumstance didn t force me to . 
"
15021059,8,159,"Izuku ($_izuku) sniffled a bit , wiping at his ($_izuku) eyes with his ($_izuku) sleeve . 
"
15021059,8,160,"You re a threat to me , Bakugo ($_bakugo) stated . 
"
15021059,8,161,"A threat ? Me ? Izuku ($_izuku) looked at him ($_izuku) in disbelief , clenching his ($_izuku) teeth . Now you re the one talking nonsense ! 
"
15021059,8,162,"Bakugo ($_bakugo) growled at him ($_izuku) . It s not the same , you little twerp ! He ($_izuku) reached out to grab Deku ($_deku) by the biceps and pull the smaller body against him ($_izuku) . You re a threat to me because you re my omega . My enemies now have something to horde over me - they can use you to get to me , just like that_asshole ($_izuku) did tonight ! I broke his fucking jaw because he thinks I would just toss you away ! Oh , I want to ; make no mistake about that ! But despite all that , what I fucking hate the most , He crushed his lips to Izuku ($_izuku) s while ripping the robe from the omega s body . Is the thought of you being out of my life . 
"
15021059,8,163,"Izuku ($_izuku) s eyes welled with tears , and he ($_izuku) started to sob as he ($_izuku) threw his ($_izuku) arms around the alpha s shoulders . I understand , Kacchan ($_kacchan) ! You don t have to say anymore ! He ($_izuku) gave the alpha a heated kiss and whispered , You re a rotten bastard , Katsuki_Bakugo ($_bakugo) ; but I still love you - I always have . 
"
15021059,8,164,"~*~
"
15021059,8,165,"Todoroki ($_todoroki) didn t leave when Bakugo ($_bakugo) announced his ($_bakugo) presence , only hid behind the secret door . He ($_bakugo) waited for the water closet to be empty before sneaking out and going over to the other door where he ($_bakugo) can hear the two . When he ($_bakugo) peeked through the slot of the door , his ($_bakugo) gaze fell right on the couple in front of the fire having sex . Todoroki ($_todoroki) can t describe it as anything else because only when Izuku ($_izuku) is with him ($_bakugo) is it making love . 
"
15021059,8,166,"Todoroki ($_todoroki) couldn t take his ($_bakugo) eyes away from the silhouetted pair , locked together in rutting bliss . Bakugo ($_bakugo) is lying back on the rug , arching up into Izuku ($_izuku) s writhing , bouncing body . Todoroki ($_todoroki) can see every part of his ($_bakugo) omega perfectly shadowed by the dancing flames ; those tight , pointed nipples and the erection moving in perfect rhythm with Bakugo ($_bakugo) s thrusts . Izuku ($_izuku) s cries of pleasure are emphasized by his ($_bakugo) arched back and open mouth , panting out moans of ` more . ' 
"
15021059,8,167,"That beautiful silhouette belongs to him ($_bakugo) ; not to Bakugo . Todoroki ($_todoroki) felt his ($_bakugo) alpha aura and primitive instincts taking over . His ($_bakugo) anger and jealousy grew with each arch and cry of pleasure from Izuku ($_izuku) . Todoroki ($_todoroki) gripped the wood of the doorframe , squeezing it hard enough where he ($_bakugo) heard the wood splinter under pressure . He ($_bakugo) almost burst out from his ($_bakugo) hiding spot when Bakugo ($_bakugo) flipped their positions , so he ($_bakugo) was on top of Izuku ($_izuku) . Todoroki ($_todoroki) couldn t stand to see Bakugo ($_bakugo) s filthy cock thrusting into his ($_bakugo) omega , so he ($_bakugo) turned himself ($_bakugo) away from the scene . 
"
15021059,8,168,"His ($_bakugo) heart ached in his ($_bakugo) chest , and through his ($_bakugo) anger and jealousy , he ($_bakugo) felt like crying . It was torture to hear Izuku ($_izuku) begging and pleading for more of Bakugo ($_bakugo) s mounting . Unable to bear it any longer , Todoroki ($_todoroki) left the water closet to exit through the secret stair . He ($_bakugo) knows what he ($_bakugo) must do . The battle for Izuku ($_izuku) s heart has to be decided and soon . The only way to keep Izuku ($_izuku) from Bakugo_'s ($_bakugo) wrath is to win him ($_izuku) from the warlord . Where there 's a will , there 's a way . 
"
15021059,8,169,"The next day , Todoroki ($_todoroki) insisted on having the guards set up an audience with Bakugo ($_bakugo) . At first , his ($_bakugo) audience was denied ; but Todoroki ($_todoroki) kept insisting . Soon they brought him ($_bakugo) to Bakugo ($_bakugo) s private office where he ($_bakugo) entered , fearless , and shouted Bakugo ($_bakugo) s name . 
"
15021059,8,170,"Bakugo ($_bakugo) ! 
"
15021059,8,171,"The head of wild blonde hair looked up from the papers at the sound of his ($_bakugo) name . Todoroki ($_todoroki) turned to the guards , asking for privacy . When the guards didn t leave on his ($_bakugo) request , Bakugo ($_bakugo) stepped in and ordered them to go . 
"
15021059,8,172,"Todoroki ($_todoroki) took a few steps to the center of the room and said , 
"
15021059,8,173,"Get up , Katsuki_Bakugo ($_bakugo) . 
"
15021059,8,174,"What the fuck did you just say to me ? 
"
15021059,8,175,"I said get up , Katsuki_Bakugo ($_bakugo) . I shouldn t have to repeat myself . I know you can hear . 
"
15021059,8,176,"Slowly , Bakugo ($_bakugo) stood up from his ($_bakugo) desk , glaring at Todoroki ($_todoroki) . You ve got a lot of fucking nerve walking into my room running at the mouth , slave . 
"
15021059,8,177,"I ve come here to issue a challenge , 
"
15021059,8,178,"A challenge ? For your freedom , I m assuming ? Bakugo ($_bakugo) said with a scoff . Fat fucking chance . 
"
15021059,8,179,"No . It s not for my freedom . It s for Izuku ($_izuku) s freedom . He ($_izuku) can see that got Bakugo ($_bakugo) s attention . I challenge you to a duel to win Izuku ($_izuku) s hand . 
"
15021059,8,180,"Bakugo ($_bakugo) let out a laugh . Are you serious right now ? You re in no position to challenge me , Todoroki ($_todoroki) . 
"
15021059,8,181,"Are you afraid now that you know I have something I want to fight for ? 
"
15021059,8,182,"You re nothing but a stone in my boot , Bakugo ($_bakugo) sneered . The sooner I m through with you , the happier I ll be ! 
"
15021059,8,183,"Todoroki ($_todoroki) narrowed his eyes at Bakugo ($_bakugo) through his red and white bangs . I m just as mighty an alpha as you are , Katsuki_Bakugo ($_bakugo) . You don t deserve an_omega_like_Izuku ($_the) Izuku ($_izuku) . Again , I challenge you to win Izuku ($_izuku) s hand ! Do you accept ? 
"
15021059,8,184,"Bakugo ($_bakugo) walked around his ($_bakugo) desk , shoved his ($_bakugo) hands in the pockets of his ($_bakugo) pants , and approached Todoroki ($_todoroki) . The two stood nose-to-nose , glare-to-glare . Both can sense the alpha power radiating off the other . 
"
15021059,8,185,"`` You 're risking an awful lot for omega ass , '' Bakugo ($_bakugo) stated . 
"
15021059,8,186,"`` I 'm willing to take the risk , '' Todoroki answered . 
"
15021059,8,187,"Then let s make it more interesting , Bakugo ($_bakugo) said with a dark , evil grin . Deku ($_deku) s heat will be here with the next full moon . We both know omegas are blind to everything but an alpha when they are in heat . If you want to fuck Izuku ($_izuku) so bad , then you have to fight me first . This challenge will happen when Deku ($_deku) goes into heat . Whichever one of us wins , which will be me , gets to mount the_omega ($_the) . Izuku ($_izuku) will be our war prize . What do you ($_izuku) say to that , Shoto Todoroki ? Will you ($_izuku) fight for the right to fuck the_omega ($_the) ? '' 
"
15021059,8,188,"I don t fuck , I mate , Todoroki ($_todoroki) countered . And I accept your ($_izuku) challenge . We battle for Izuku the night of his heat . The winner gets to claim him as their own . 
"
15021059,8,189,"Bakugo ($_bakugo) smirked . You ($_izuku) re on . 
"
15021059,8,190,"TBC 
"
15021059,8,191,"*** I know I posted this chapter a little faster than usual because the next one is going to take me a little bit of time to write and I did n't want to leave you all hanging . I do have an idea who I want to win , but please let me know who you think should win in the fight ! But don't worry! That wo n't be the end of this story ! Yes , someone is going to win , but we still have a ways to go ! ***
"
